F:\WORKSPACE\CPP\ASYNCTHRIFT\ASYNC_CLIENT\DEBUG\ASYNC_CLIENT.EXE.EMBED.MANIFEST
F:\WORKSPACE\CPP\ASYNCTHRIFT\ASYNC_CLIENT\DEBUG\ASYNC_CLIENT.EXE.EMBED.MANIFEST.RES
F:\WORKSPACE\CPP\ASYNCTHRIFT\ASYNC_CLIENT\DEBUG\ASYNC_CLIENT.EXE.INTERMEDIATE.MANIFEST
F:\workspace\cpp\asyncThrift\async_client\Debug\async_client.write.1.tlog
F:\workspace\cpp\asyncThrift\async_client\Debug\async_client_manifest.rc
F:\WORKSPACE\CPP\ASYNCTHRIFT\ASYNC_CLIENT\DEBUG\ASYNCTEST_CONSTANTS.OBJ
F:\WORKSPACE\CPP\ASYNCTHRIFT\ASYNC_CLIENT\DEBUG\ASYNCTEST_TYPES.OBJ
F:\workspace\cpp\asyncThrift\async_client\Debug\cl.command.1.tlog
F:\workspace\cpp\asyncThrift\async_client\Debug\CL.read.1.tlog
F:\workspace\cpp\asyncThrift\async_client\Debug\CL.write.1.tlog
F:\WORKSPACE\CPP\ASYNCTHRIFT\ASYNC_CLIENT\DEBUG\CLIENT.OBJ
F:\workspace\cpp\asyncThrift\async_client\Debug\link.12524.read.1.tlog
F:\workspace\cpp\asyncThrift\async_client\Debug\link.12524.write.1.tlog
F:\workspace\cpp\asyncThrift\async_client\Debug\link.12524-cvtres.read.1.tlog
F:\workspace\cpp\asyncThrift\async_client\Debug\link.12524-cvtres.write.1.tlog
F:\workspace\cpp\asyncThrift\async_client\Debug\link.13784.read.1.tlog
F:\workspace\cpp\asyncThrift\async_client\Debug\link.13784.write.1.tlog
F:\workspace\cpp\asyncThrift\async_client\Debug\link.13784-cvtres.read.1.tlog
F:\workspace\cpp\asyncThrift\async_client\Debug\link.13784-cvtres.write.1.tlog
F:\workspace\cpp\asyncThrift\async_client\Debug\link.6500.read.1.tlog
F:\workspace\cpp\asyncThrift\async_client\Debug\link.6500.write.1.tlog
F:\workspace\cpp\asyncThrift\async_client\Debug\link.6500-cvtres.read.1.tlog
F:\workspace\cpp\asyncThrift\async_client\Debug\link.6500-cvtres.write.1.tlog
F:\workspace\cpp\asyncThrift\async_client\Debug\link.7104.read.1.tlog
F:\workspace\cpp\asyncThrift\async_client\Debug\link.7104.write.1.tlog
F:\workspace\cpp\asyncThrift\async_client\Debug\link.7104-cvtres.read.1.tlog
F:\workspace\cpp\asyncThrift\async_client\Debug\link.7104-cvtres.write.1.tlog
F:\workspace\cpp\asyncThrift\async_client\Debug\link.8948.read.1.tlog
F:\workspace\cpp\asyncThrift\async_client\Debug\link.8948.write.1.tlog
F:\workspace\cpp\asyncThrift\async_client\Debug\link.8948-cvtres.read.1.tlog
F:\workspace\cpp\asyncThrift\async_client\Debug\link.8948-cvtres.write.1.tlog
F:\workspace\cpp\asyncThrift\async_client\Debug\link.command.1.tlog
F:\workspace\cpp\asyncThrift\async_client\Debug\link.read.1.tlog
F:\workspace\cpp\asyncThrift\async_client\Debug\link.write.1.tlog
F:\workspace\cpp\asyncThrift\async_client\Debug\link-cvtres.read.1.tlog
F:\workspace\cpp\asyncThrift\async_client\Debug\link-cvtres.write.1.tlog
F:\workspace\cpp\asyncThrift\async_client\Debug\mt.command.1.tlog
F:\workspace\cpp\asyncThrift\async_client\Debug\mt.read.1.tlog
F:\workspace\cpp\asyncThrift\async_client\Debug\mt.write.1.tlog
F:\workspace\cpp\asyncThrift\async_client\Debug\rc.command.1.tlog
F:\workspace\cpp\asyncThrift\async_client\Debug\rc.read.1.tlog
F:\workspace\cpp\asyncThrift\async_client\Debug\rc.write.1.tlog
F:\WORKSPACE\CPP\ASYNCTHRIFT\ASYNC_CLIENT\DEBUG\TWITTER.OBJ
F:\workspace\cpp\asyncThrift\async_client\Debug\vc100.idb
F:\WORKSPACE\CPP\ASYNCTHRIFT\ASYNC_CLIENT\DEBUG\VC100.PDB
F:\WORKSPACE\CPP\ASYNCTHRIFT\DEBUG\ASYNC_CLIENT.EXE
F:\WORKSPACE\CPP\ASYNCTHRIFT\DEBUG\ASYNC_CLIENT.ILK
F:\WORKSPACE\CPP\ASYNCTHRIFT\DEBUG\ASYNC_CLIENT.PDB
