F:\WORKSPACE\CPP\ASYNCTHRIFT\ASYNC_SERVER\DEBUG\ASYNC_SERVER.EXE.EMBED.MANIFEST
F:\WORKSPACE\CPP\ASYNCTHRIFT\ASYNC_SERVER\DEBUG\ASYNC_SERVER.EXE.EMBED.MANIFEST.RES
F:\WORKSPACE\CPP\ASYNCTHRIFT\ASYNC_SERVER\DEBUG\ASYNC_SERVER.EXE.INTERMEDIATE.MANIFEST
F:\workspace\cpp\asyncThrift\async_server\Debug\async_server.vcxprojResolveAssemblyReference.cache
F:\workspace\cpp\asyncThrift\async_server\Debug\async_server.write.1.tlog
F:\workspace\cpp\asyncThrift\async_server\Debug\async_server_manifest.rc
F:\WORKSPACE\CPP\ASYNCTHRIFT\ASYNC_SERVER\DEBUG\ASYNCTEST_CONSTANTS.OBJ
F:\WORKSPACE\CPP\ASYNCTHRIFT\ASYNC_SERVER\DEBUG\ASYNCTEST_TYPES.OBJ
F:\workspace\cpp\asyncThrift\async_server\Debug\cl.command.1.tlog
F:\workspace\cpp\asyncThrift\async_server\Debug\CL.read.1.tlog
F:\workspace\cpp\asyncThrift\async_server\Debug\CL.write.1.tlog
F:\workspace\cpp\asyncThrift\async_server\Debug\link.10084.read.1.tlog
F:\workspace\cpp\asyncThrift\async_server\Debug\link.10084.write.1.tlog
F:\workspace\cpp\asyncThrift\async_server\Debug\link.10084-cvtres.read.1.tlog
F:\workspace\cpp\asyncThrift\async_server\Debug\link.10084-cvtres.write.1.tlog
F:\workspace\cpp\asyncThrift\async_server\Debug\link.10344.read.1.tlog
F:\workspace\cpp\asyncThrift\async_server\Debug\link.10344.write.1.tlog
F:\workspace\cpp\asyncThrift\async_server\Debug\link.10344-cvtres.read.1.tlog
F:\workspace\cpp\asyncThrift\async_server\Debug\link.10344-cvtres.write.1.tlog
F:\workspace\cpp\asyncThrift\async_server\Debug\link.12352.read.1.tlog
F:\workspace\cpp\asyncThrift\async_server\Debug\link.12352.write.1.tlog
F:\workspace\cpp\asyncThrift\async_server\Debug\link.12352-cvtres.read.1.tlog
F:\workspace\cpp\asyncThrift\async_server\Debug\link.12352-cvtres.write.1.tlog
F:\workspace\cpp\asyncThrift\async_server\Debug\link.13352.read.1.tlog
F:\workspace\cpp\asyncThrift\async_server\Debug\link.13352.write.1.tlog
F:\workspace\cpp\asyncThrift\async_server\Debug\link.13352-cvtres.read.1.tlog
F:\workspace\cpp\asyncThrift\async_server\Debug\link.13352-cvtres.write.1.tlog
F:\workspace\cpp\asyncThrift\async_server\Debug\link.15372.read.1.tlog
F:\workspace\cpp\asyncThrift\async_server\Debug\link.15372.write.1.tlog
F:\workspace\cpp\asyncThrift\async_server\Debug\link.15372-cvtres.read.1.tlog
F:\workspace\cpp\asyncThrift\async_server\Debug\link.15372-cvtres.write.1.tlog
F:\workspace\cpp\asyncThrift\async_server\Debug\link.17052.read.1.tlog
F:\workspace\cpp\asyncThrift\async_server\Debug\link.17052.write.1.tlog
F:\workspace\cpp\asyncThrift\async_server\Debug\link.17052-cvtres.read.1.tlog
F:\workspace\cpp\asyncThrift\async_server\Debug\link.17052-cvtres.write.1.tlog
F:\workspace\cpp\asyncThrift\async_server\Debug\link.18612.read.1.tlog
F:\workspace\cpp\asyncThrift\async_server\Debug\link.18612.write.1.tlog
F:\workspace\cpp\asyncThrift\async_server\Debug\link.18612-cvtres.read.1.tlog
F:\workspace\cpp\asyncThrift\async_server\Debug\link.18612-cvtres.write.1.tlog
F:\workspace\cpp\asyncThrift\async_server\Debug\link.2496.read.1.tlog
F:\workspace\cpp\asyncThrift\async_server\Debug\link.2496.write.1.tlog
F:\workspace\cpp\asyncThrift\async_server\Debug\link.2496-cvtres.read.1.tlog
F:\workspace\cpp\asyncThrift\async_server\Debug\link.2496-cvtres.write.1.tlog
F:\workspace\cpp\asyncThrift\async_server\Debug\link.6040.read.1.tlog
F:\workspace\cpp\asyncThrift\async_server\Debug\link.6040.write.1.tlog
F:\workspace\cpp\asyncThrift\async_server\Debug\link.6040-cvtres.read.1.tlog
F:\workspace\cpp\asyncThrift\async_server\Debug\link.6040-cvtres.write.1.tlog
F:\workspace\cpp\asyncThrift\async_server\Debug\link.9632.read.1.tlog
F:\workspace\cpp\asyncThrift\async_server\Debug\link.9632.write.1.tlog
F:\workspace\cpp\asyncThrift\async_server\Debug\link.9632-cvtres.read.1.tlog
F:\workspace\cpp\asyncThrift\async_server\Debug\link.9632-cvtres.write.1.tlog
F:\workspace\cpp\asyncThrift\async_server\Debug\link.command.1.tlog
F:\workspace\cpp\asyncThrift\async_server\Debug\link.read.1.tlog
F:\workspace\cpp\asyncThrift\async_server\Debug\link.write.1.tlog
F:\workspace\cpp\asyncThrift\async_server\Debug\link-cvtres.read.1.tlog
F:\workspace\cpp\asyncThrift\async_server\Debug\link-cvtres.write.1.tlog
F:\workspace\cpp\asyncThrift\async_server\Debug\mt.command.1.tlog
F:\workspace\cpp\asyncThrift\async_server\Debug\mt.read.1.tlog
F:\workspace\cpp\asyncThrift\async_server\Debug\mt.write.1.tlog
F:\workspace\cpp\asyncThrift\async_server\Debug\rc.command.1.tlog
F:\workspace\cpp\asyncThrift\async_server\Debug\rc.read.1.tlog
F:\workspace\cpp\asyncThrift\async_server\Debug\rc.write.1.tlog
F:\WORKSPACE\CPP\ASYNCTHRIFT\ASYNC_SERVER\DEBUG\TWITTER.OBJ
F:\WORKSPACE\CPP\ASYNCTHRIFT\ASYNC_SERVER\DEBUG\TWITTER_ASYNC_SERVER.SKELETON.OBJ
F:\workspace\cpp\asyncThrift\async_server\Debug\vc100.idb
F:\WORKSPACE\CPP\ASYNCTHRIFT\ASYNC_SERVER\DEBUG\VC100.PDB
F:\WORKSPACE\CPP\ASYNCTHRIFT\DEBUG\ASYNC_SERVER.EXE
F:\WORKSPACE\CPP\ASYNCTHRIFT\DEBUG\ASYNC_SERVER.ILK
F:\WORKSPACE\CPP\ASYNCTHRIFT\DEBUG\ASYNC_SERVER.PDB
